\BOOKMARK [1][-]{section.1}{Introducci\363n}{}% 1
\BOOKMARK [2][-]{subsection.1.1}{Prop\363sito}{section.1}% 2
\BOOKMARK [2][-]{subsection.1.2}{Objetivo}{section.1}% 3
\BOOKMARK [2][-]{subsection.1.3}{Distribuci\363n de tareas}{section.1}% 4
\BOOKMARK [1][-]{section.2}{Estudio de Viabilidad}{}% 5
\BOOKMARK [2][-]{subsection.2.1}{P\372blico Objetivo}{section.2}% 6
\BOOKMARK [2][-]{subsection.2.2}{Perfil del jugador}{section.2}% 7
\BOOKMARK [1][-]{section.3}{Planificaci\363n del Trabajo}{}% 8
\BOOKMARK [2][-]{subsection.3.1}{Planificaci\363n temporal de actividades}{section.3}% 9
\BOOKMARK [1][-]{section.4}{Marco de Trabajo}{}% 10
\BOOKMARK [2][-]{subsection.4.1}{Contexto}{section.4}% 11
\BOOKMARK [2][-]{subsection.4.2}{Equipo de Trabajo}{section.4}% 12
\BOOKMARK [1][-]{section.5}{Dise\361o del Videojuego}{}% 13
\BOOKMARK [2][-]{subsection.5.1}{Mecanicas}{section.5}% 14
\BOOKMARK [2][-]{subsection.5.2}{Personajes}{section.5}% 15
\BOOKMARK [2][-]{subsection.5.3}{Narrativa}{section.5}% 16
\BOOKMARK [2][-]{subsection.5.4}{Interfaces}{section.5}% 17
\BOOKMARK [2][-]{subsection.5.5}{Game Layout Charts}{section.5}% 18
\BOOKMARK [2][-]{subsection.5.6}{Niveles y Ambientes}{section.5}% 19
\BOOKMARK [2][-]{subsection.5.7}{Objetos}{section.5}% 20
\BOOKMARK [2][-]{subsection.5.8}{Producci\363n Externa}{section.5}% 21
\BOOKMARK [1][-]{section.6}{Implementaci\363n}{}% 22
\BOOKMARK [2][-]{subsection.6.1}{Modelo de Clases}{section.6}% 23
\BOOKMARK [2][-]{subsection.6.2}{Pruebas}{section.6}% 24
\BOOKMARK [1][-]{section.7}{Resultados}{}% 25
\BOOKMARK [1][-]{section.8}{Conclusiones}{}% 26
\BOOKMARK [1][-]{section.9}{Trabajo Futuro}{}% 27
\BOOKMARK [1][-]{section.10}{Bibliografia}{}% 28
\BOOKMARK [1][-]{section.11}{Anexos}{}% 29
